# JRE version: OpenJDK Runtime Environment (8.0_152-b02) (build 1.8.0_152-release-1024-b02)
# Java VM: OpenJDK 64-Bit Server VM (25.152-b02 mixed mode windows-amd64 compressed oops)
Heap:
 PSYoungGen      total 62464K, used 36384K [0x00000000e0000000, 0x00000000e4800000, 0x0000000100000000)
  eden space 52224K, 69% used [0x00000000e0000000,0x00000000e23880e8,0x00000000e3300000)
  from space 10240K, 0% used [0x00000000e3d80000,0x00000000e3d80000,0x00000000e4780000)
  to   space 10752K, 0% used [0x00000000e3300000,0x00000000e3300000,0x00000000e3d80000)
 ParOldGen       total 96256K, used 16017K [0x00000000a0000000, 0x00000000a5e00000, 0x00000000e0000000)
  object space 96256K, 16% used [0x00000000a0000000,0x00000000a0fa45c0,0x00000000a5e00000)
 Metaspace       used 35958K, capacity 36684K, committed 36952K, reserved 1085440K
  class space    used 4940K, capacity 5193K, committed 5248K, reserved 1048576K
GC Heap History (10 events):
Event: 4.740 GC heap before
{Heap before GC invocations=8 (full 1):
 PSYoungGen      total 33280K, used 32274K [0x00000000e0000000, 0x00000000e4480000, 0x0000000100000000)
  eden space 28160K, 100% used [0x00000000e0000000,0x00000000e1b80000,0x00000000e1b80000)
  from space 5120K, 80% used [0x00000000e2580000,0x00000000e2984980,0x00000000e2a80000)
  to   space 10240K, 0% used [0x00000000e1b80000,0x00000000e1b80000,0x00000000e2580000)
 ParOldGen       total 61440K, used 7970K [0x00000000a0000000, 0x00000000a3c00000, 0x00000000e0000000)
  object space 61440K, 12% used [0x00000000a0000000,0x00000000a07c8bd0,0x00000000a3c00000)
 Metaspace       used 26090K, capacity 26452K, committed 26624K, reserved 1073152K
  class space    used 3591K, capacity 3738K, committed 3840K, reserved 1048576K
Event: 4.746 GC heap after
Heap after GC invocations=8 (full 1):
 PSYoungGen      total 38400K, used 4552K [0x00000000e0000000, 0x00000000e3b80000, 0x0000000100000000)
  eden space 28160K, 0% used [0x00000000e0000000,0x00000000e0000000,0x00000000e1b80000)
  from space 10240K, 44% used [0x00000000e1b80000,0x00000000e1ff2258,0x00000000e2580000)
  to   space 9728K, 0% used [0x00000000e3200000,0x00000000e3200000,0x00000000e3b80000)
 ParOldGen       total 61440K, used 7970K [0x00000000a0000000, 0x00000000a3c00000, 0x00000000e0000000)
  object space 61440K, 12% used [0x00000000a0000000,0x00000000a07c8bd0,0x00000000a3c00000)
 Metaspace       used 26090K, capacity 26452K, committed 26624K, reserved 1073152K
  class space    used 3591K, capacity 3738K, committed 3840K, reserved 1048576K
}
Event: 5.040 GC heap before
{Heap before GC invocations=9 (full 1):
 PSYoungGen      total 38400K, used 32712K [0x00000000e0000000, 0x00000000e3b80000, 0x0000000100000000)
  eden space 28160K, 100% used [0x00000000e0000000,0x00000000e1b80000,0x00000000e1b80000)
  from space 10240K, 44% used [0x00000000e1b80000,0x00000000e1ff2258,0x00000000e2580000)
  to   space 9728K, 0% used [0x00000000e3200000,0x00000000e3200000,0x00000000e3b80000)
 ParOldGen       total 61440K, used 7970K [0x00000000a0000000, 0x00000000a3c00000, 0x00000000e0000000)
  object space 61440K, 12% used [0x00000000a0000000,0x00000000a07c8bd0,0x00000000a3c00000)
 Metaspace       used 27761K, capacity 28154K, committed 28416K, reserved 1073152K
  class space    used 3881K, capacity 4028K, committed 4096K, reserved 1048576K
Event: 5.045 GC heap after
Heap after GC invocations=9 (full 1):
 PSYoungGen      total 51200K, used 5446K [0x00000000e0000000, 0x00000000e3c00000, 0x0000000100000000)
  eden space 41472K, 0% used [0x00000000e0000000,0x00000000e0000000,0x00000000e2880000)
  from space 9728K, 55% used [0x00000000e3200000,0x00000000e3751968,0x00000000e3b80000)
  to   space 9728K, 0% used [0x00000000e2880000,0x00000000e2880000,0x00000000e3200000)
 ParOldGen       total 61440K, used 7978K [0x00000000a0000000, 0x00000000a3c00000, 0x00000000e0000000)
  object space 61440K, 12% used [0x00000000a0000000,0x00000000a07cabd0,0x00000000a3c00000)
 Metaspace       used 27761K, capacity 28154K, committed 28416K, reserved 1073152K
  class space    used 3881K, capacity 4028K, committed 4096K, reserved 1048576K
}
Event: 6.980 GC heap before
{Heap before GC invocations=10 (full 1):
 PSYoungGen      total 51200K, used 46918K [0x00000000e0000000, 0x00000000e3c00000, 0x0000000100000000)
  eden space 41472K, 100% used [0x00000000e0000000,0x00000000e2880000,0x00000000e2880000)
  from space 9728K, 55% used [0x00000000e3200000,0x00000000e3751968,0x00000000e3b80000)
  to   space 9728K, 0% used [0x00000000e2880000,0x00000000e2880000,0x00000000e3200000)
 ParOldGen       total 61440K, used 7978K [0x00000000a0000000, 0x00000000a3c00000, 0x00000000e0000000)
  object space 61440K, 12% used [0x00000000a0000000,0x00000000a07cabd0,0x00000000a3c00000)
 Metaspace       used 30482K, capacity 31026K, committed 31104K, reserved 1075200K
  class space    used 4245K, capacity 4457K, committed 4480K, reserved 1048576K
Event: 6.990 GC heap after
Heap after GC invocations=10 (full 1):
 PSYoungGen      total 51200K, used 8343K [0x00000000e0000000, 0x00000000e4780000, 0x0000000100000000)
  eden space 41472K, 0% used [0x00000000e0000000,0x00000000e0000000,0x00000000e2880000)
  from space 9728K, 85% used [0x00000000e2880000,0x00000000e30a5c18,0x00000000e3200000)
  to   space 10240K, 0% used [0x00000000e3d80000,0x00000000e3d80000,0x00000000e4780000)
 ParOldGen       total 61440K, used 7986K [0x00000000a0000000, 0x00000000a3c00000, 0x00000000e0000000)
  object space 61440K, 12% used [0x00000000a0000000,0x00000000a07ccbd0,0x00000000a3c00000)
 Metaspace       used 30482K, capacity 31026K, committed 31104K, reserved 1075200K
  class space    used 4245K, capacity 4457K, committed 4480K, reserved 1048576K
}
Event: 7.622 GC heap before
{Heap before GC invocations=11 (full 1):
 PSYoungGen      total 51200K, used 29798K [0x00000000e0000000, 0x00000000e4780000, 0x0000000100000000)
  eden space 41472K, 51% used [0x00000000e0000000,0x00000000e14f3dd8,0x00000000e2880000)
  from space 9728K, 85% used [0x00000000e2880000,0x00000000e30a5c18,0x00000000e3200000)
  to   space 10240K, 0% used [0x00000000e3d80000,0x00000000e3d80000,0x00000000e4780000)
 ParOldGen       total 61440K, used 7986K [0x00000000a0000000, 0x00000000a3c00000, 0x00000000e0000000)
  object space 61440K, 12% used [0x00000000a0000000,0x00000000a07ccbd0,0x00000000a3c00000)
 Metaspace       used 34704K, capacity 35298K, committed 35416K, reserved 1079296K
  class space    used 4754K, capacity 4964K, committed 4992K, reserved 1048576K
Event: 7.630 GC heap after
Heap after GC invocations=11 (full 1):
 PSYoungGen      total 62464K, used 9356K [0x00000000e0000000, 0x00000000e4800000, 0x0000000100000000)
  eden space 52224K, 0% used [0x00000000e0000000,0x00000000e0000000,0x00000000e3300000)
  from space 10240K, 91% used [0x00000000e3d80000,0x00000000e46a3160,0x00000000e4780000)
  to   space 10752K, 0% used [0x00000000e3300000,0x00000000e3300000,0x00000000e3d80000)
 ParOldGen       total 61440K, used 7994K [0x00000000a0000000, 0x00000000a3c00000, 0x00000000e0000000)
  object space 61440K, 13% used [0x00000000a0000000,0x00000000a07cebd0,0x00000000a3c00000)
 Metaspace       used 34704K, capacity 35298K, committed 35416K, reserved 1079296K
  class space    used 4754K, capacity 4964K, committed 4992K, reserved 1048576K
}
Event: 7.630 GC heap before
{Heap before GC invocations=12 (full 2):
 PSYoungGen      total 62464K, used 9356K [0x00000000e0000000, 0x00000000e4800000, 0x0000000100000000)
  eden space 52224K, 0% used [0x00000000e0000000,0x00000000e0000000,0x00000000e3300000)
  from space 10240K, 91% used [0x00000000e3d80000,0x00000000e46a3160,0x00000000e4780000)
  to   space 10752K, 0% used [0x00000000e3300000,0x00000000e3300000,0x00000000e3d80000)
 ParOldGen       total 61440K, used 7994K [0x00000000a0000000, 0x00000000a3c00000, 0x00000000e0000000)
  object space 61440K, 13% used [0x00000000a0000000,0x00000000a07cebd0,0x00000000a3c00000)
 Metaspace       used 34704K, capacity 35298K, committed 35416K, reserved 1079296K
  class space    used 4754K, capacity 4964K, committed 4992K, reserved 1048576K
Event: 7.689 GC heap after
Heap after GC invocations=12 (full 2):
 PSYoungGen      total 62464K, used 0K [0x00000000e0000000, 0x00000000e4800000, 0x0000000100000000)
  eden space 52224K, 0% used [0x00000000e0000000,0x00000000e0000000,0x00000000e3300000)
  from space 10240K, 0% used [0x00000000e3d80000,0x00000000e3d80000,0x00000000e4780000)
  to   space 10752K, 0% used [0x00000000e3300000,0x00000000e3300000,0x00000000e3d80000)
 ParOldGen       total 96256K, used 16017K [0x00000000a0000000, 0x00000000a5e00000, 0x00000000e0000000)
  object space 96256K, 16% used [0x00000000a0000000,0x00000000a0fa45c0,0x00000000a5e00000)
 Metaspace       used 34704K, capacity 35298K, committed 35416K, reserved 1079296K
  class space    used 4754K, capacity 4964K, committed 4992K, reserved 1048576K
}

